Arguments: 
  C:\Program Files\nodejs\node.exe C:\Program Files (x86)\Yarn\bin\yarn.js

PATH: 
  C:\Windows\system32;C:\Windows;C:\Windows\System32\Wbem;C:\Windows\System32\WindowsPowerShell\v1.0\;C:\Program Files\Git\cmd;C:\Program Files\php-8.1;C:\Program Files\nodejs\;C:\Program Files (x86)\Yarn\bin\;C:\composer;C:\Program Files\Git\mingw64\bin;C:\Users\Mohamed Awde\AppData\Roaming\npm;C:\Program Files\MySQL\MySQL Shell 8.0\bin\; C:\Program Files\Git\mingw64\bin\;C:\Users\Mohamed Awde\AppData\Local\Programs\Microsoft VS Code\bin;C:\Program Files\JetBrains\PyCharm Community Edition 2022.3\bin;

Yarn version: 
  1.22.19

Node version: 
  16.18.0

Platform: 
  win32 x64

Trace: 
  Error: getaddrinfo ENOTFOUND registry.yarnpkg.com
      at GetAddrInfoReqWrap.onlookup [as oncomplete] (node:dns:109:26)

npm manifest: 
  {
    "name": "blogger-nodejs",
    "version": "1.0.0",
    "main": "app.js",
    "license": "MIT",
    "scripts": {
      "start": "node app.js",
      "dev": "nodemon app.js"
    },
    "dependencies": {
      "@types/express": "^4.17.11",
      "@types/node": "^14.14.35",
      "bcrypt": "^5.0.1",
      "cookie-parser": "^1.4.5",
      "cors": "^2.8.5",
      "dotenv": "^8.2.0",
      "express": "^4.17.1",
      "joi": "^17.4.0",
      "jsonwebtoken": "^8.5.1",
      "mongoose": "^5.12.1",
      "passport": "^0.4.1",
      "typescript": "^4.2.3"
    },
    "devDependencies": {
      "nodemon": "^2.0.16"
    }
  }

yarn manifest: 
  No manifest

Lockfile: 
  No lockfile
